13:13:59.579 [I] usvfs dll 0.5.5.1 initialized in process 1804
13:13:59.579 [D] remove from process 1804
13:13:59.579 [I] create config in 1804
13:13:59.579 [I] 0 processes
13:13:59.579 [I] mod_organizer_instance_1 created in process 1804
13:13:59.579 [I] attached to mod_organizer_instance_1 with 1 nodes, size 4,194,304 B
13:13:59.579 [I] inv_mod_organizer_instance_1 created in process 1804
13:13:59.579 [I] attached to inv_mod_organizer_instance_1 with 1 nodes, size 131,072 B
13:13:59.579 [D] context current shm: mod_organizer_instance (now 2 connections)
13:13:59.579 [D] clearing blacklist
13:13:59.579 [D] blacklisting 'Chrome.exe'
13:13:59.579 [D] blacklisting 'Firefox.exe'
13:13:59.579 [D] blacklisting 'TSVNCache.exe'
13:13:59.579 [D] blacklisting 'TGitCache.exe'
13:13:59.579 [D] blacklisting 'Steam.exe'
13:13:59.579 [D] blacklisting 'GameOverlayUI.exe'
13:13:59.579 [D] blacklisting 'Discord.exe'
13:13:59.579 [D] blacklisting 'GalaxyClient.exe'
13:13:59.579 [D] blacklisting 'Spotify.exe'
13:13:59.579 [D] blacklisting 'Brave.exe'
13:13:59.579 [D] clearing forced libraries
13:14:47.787 [D] clearing forced libraries
13:14:47.800 [I] injecting to process 10936 with same bitness
13:14:47.801 [I] dll path: D:\Moding\MO2\usvfs_x64.dll
13:14:47.801 [I] injection to same bitness process 10936 successful
13:14:49.965 [I] usvfs dll 0.5.5.1 initialized in process 10936
13:14:49.966 [I] inithooks called mod_organizer_instance in process D:\SteamLibrary\steamapps\common\Stardew Valley\StardewModdingAPI.exe:10936 (log level 1, dump type 1, dump path C:/Users/USERNAME/AppData/Local/ModOrganizer/Stardew Valley/crashDumps)
13:14:49.966 [I] access existing config in 10936
13:14:49.966 [I] 0 processes
13:14:49.966 [I] mod_organizer_instance_1 opened in process 10936
13:14:49.966 [I] attached to mod_organizer_instance_1 with 33 nodes, size 4,194,304 B
13:14:49.966 [I] inv_mod_organizer_instance_1 opened in process 10936
13:14:49.966 [I] attached to inv_mod_organizer_instance_1 with 23 nodes, size 131,072 B
13:14:49.966 [I] Process registered in shared process list : 10936
13:14:49.966 [I] Windows version 10.0.19045 sp 0 platform 2 (19041.1.amd64fre.vb_release.191206-1406)
13:14:49.967 [I] hooked GetFileAttributesExW (0x7ffe15901dc0) in C:\WINDOWS\System32\KERNELBASE.dll type overwrite
13:14:49.967 [I] hooked GetFileAttributesW (0x7ffe15900770) in C:\WINDOWS\System32\KERNELBASE.dll type overwrite
13:14:49.967 [I] hooked SetFileAttributesW (0x7ffe1594f0b0) in C:\WINDOWS\System32\KERNELBASE.dll type overwrite
13:14:49.967 [I] hooked CreateDirectoryW (0x7ffe15909cf0) in C:\WINDOWS\System32\KERNELBASE.dll type overwrite
13:14:49.967 [I] hooked RemoveDirectoryW (0x7ffe1594ed70) in C:\WINDOWS\System32\KERNELBASE.dll type overwrite
13:14:49.967 [I] hooked DeleteFileW (0x7ffe158ff280) in C:\WINDOWS\System32\KERNELBASE.dll type overwrite
13:14:49.967 [I] hooked GetCurrentDirectoryA (0x7ffe15954c60) in C:\WINDOWS\System32\KERNELBASE.dll type overwrite
13:14:49.967 [I] hooked GetCurrentDirectoryW (0x7ffe15950620) in C:\WINDOWS\System32\KERNELBASE.dll type overwrite
13:14:49.967 [I] hooked SetCurrentDirectoryA (0x7ffe159fc430) in C:\WINDOWS\System32\KERNELBASE.dll type overwrite
13:14:49.967 [I] hooked SetCurrentDirectoryW (0x7ffe159501d0) in C:\WINDOWS\System32\KERNELBASE.dll type overwrite
13:14:49.967 [I] hooked ExitProcess (0x7ffe1824d9e0) in C:\WINDOWS\System32\KERNELBASE.dll type overwrite
13:14:49.967 [I] hooked CreateProcessInternalW (0x7ffe1592a310) in C:\WINDOWS\System32\KERNELBASE.dll type overwrite
13:14:49.967 [I] hooked MoveFileA (0x7ffe171c2a50) in C:\WINDOWS\System32\KERNEL32.DLL type overwrite
13:14:49.967 [I] hooked MoveFileW (0x7ffe17182ba0) in C:\WINDOWS\System32\KERNEL32.DLL type overwrite
13:14:49.967 [I] hooked MoveFileExA (0x7ffe171c2a80) in C:\WINDOWS\System32\KERNEL32.DLL type overwrite
13:14:49.967 [I] hooked MoveFileExW (0x7ffe15934e20) in C:\WINDOWS\System32\KERNELBASE.dll type overwrite
13:14:49.967 [I] hooked MoveFileWithProgressA (0x7ffe171c2b90) in C:\WINDOWS\System32\KERNEL32.DLL type overwrite
13:14:49.967 [I] hooked MoveFileWithProgressW (0x7ffe15934df0) in C:\WINDOWS\System32\KERNELBASE.dll type overwrite
13:14:49.967 [I] hooked CopyFileExW (0x7ffe15937c00) in C:\WINDOWS\System32\KERNELBASE.dll type overwrite
13:14:49.967 [I] hooked CopyFile2 (0x7ffe15937a60) in C:\WINDOWS\System32\KERNELBASE.dll type overwrite
13:14:49.967 [I] hooked GetPrivateProfileStringA (0x7ffe17175570) in C:\WINDOWS\System32\KERNEL32.DLL type overwrite
13:14:49.967 [I] hooked GetPrivateProfileStringW (0x7ffe17172360) in C:\WINDOWS\System32\KERNEL32.DLL type overwrite
13:14:49.967 [I] hooked GetPrivateProfileSectionA (0x7ffe17183490) in C:\WINDOWS\System32\KERNEL32.DLL type overwrite
13:14:49.967 [I] hooked GetPrivateProfileSectionW (0x7ffe17180fe0) in C:\WINDOWS\System32\KERNEL32.DLL type overwrite
13:14:49.967 [I] hooked WritePrivateProfileStringA (0x7ffe171bfb80) in C:\WINDOWS\System32\KERNEL32.DLL type overwrite
13:14:49.968 [I] hooked WritePrivateProfileStringW (0x7ffe17177e00) in C:\WINDOWS\System32\KERNEL32.DLL type overwrite
13:14:49.968 [I] hooked GetFullPathNameA (0x7ffe159440d0) in C:\WINDOWS\System32\KERNELBASE.dll type overwrite
13:14:49.968 [I] hooked GetFullPathNameW (0x7ffe1590a1e0) in C:\WINDOWS\System32\KERNELBASE.dll type overwrite
13:14:49.968 [I] hooked FindFirstFileExW (0x7ffe158ffae0) in C:\WINDOWS\System32\KERNELBASE.dll type overwrite
13:14:49.968 [I] hooked NtQueryFullAttributesFile (0x7ffe1828f8a0) in C:\WINDOWS\SYSTEM32\ntdll.dll type overwrite
13:14:49.968 [I] hooked NtQueryAttributesFile (0x7ffe1828d770) in C:\WINDOWS\SYSTEM32\ntdll.dll type overwrite
13:14:49.968 [I] hooked NtQueryDirectoryFile (0x7ffe1828d670) in C:\WINDOWS\SYSTEM32\ntdll.dll type overwrite
13:14:49.968 [I] hooked NtQueryDirectoryFileEx (0x7ffe1828f820) in C:\WINDOWS\SYSTEM32\ntdll.dll type overwrite
13:14:49.968 [I] hooked NtOpenFile (0x7ffe1828d630) in C:\WINDOWS\SYSTEM32\ntdll.dll type overwrite
13:14:49.968 [I] hooked NtCreateFile (0x7ffe1828da70) in C:\WINDOWS\SYSTEM32\ntdll.dll type overwrite
13:14:49.968 [I] hooked NtClose (0x7ffe1828d1b0) in C:\WINDOWS\SYSTEM32\ntdll.dll type overwrite
13:14:49.968 [I] hooked NtTerminateProcess (0x7ffe1828d550) in C:\WINDOWS\SYSTEM32\ntdll.dll type overwrite
13:14:49.968 [I] hooked LoadLibraryExW (0x7ffe15905550) in C:\WINDOWS\System32\KERNELBASE.dll type overwrite
13:14:49.968 [I] hooked GetModuleFileNameW (0x7ffe15930cd0) in C:\WINDOWS\System32\KERNELBASE.dll type overwrite
13:14:49.968 [I] inithooks in process 10936 successful
13:14:57.783 <10936:2488> [I] mapping file in vfs: D:\SteamLibrary\steamapps\common\Stardew Valley\Mods\AllProfessions\config.json, C:\Users\USERNAME\AppData\Local\ModOrganizer\Stardew Valley\overwrite\AllProfessions\config.json
13:15:20.508 [I] releasing hook context
13:15:20.508 [I] 2 users left
13:15:55.116 [D] clearing forced libraries
13:15:55.127 [I] injecting to process 9912 with same bitness
13:15:55.127 [I] dll path: D:\Moding\MO2\usvfs_x64.dll
13:15:55.128 [I] injection to same bitness process 9912 successful
13:15:55.386 [I] usvfs dll 0.5.5.1 initialized in process 9912
13:15:55.386 [I] inithooks called mod_organizer_instance in process D:\SteamLibrary\steamapps\common\Stardew Valley\StardewModdingAPI.exe:9912 (log level 1, dump type 1, dump path C:/Users/USERNAME/AppData/Local/ModOrganizer/Stardew Valley/crashDumps)
13:15:55.386 [I] access existing config in 9912
13:15:55.387 [I] 0 processes
13:15:55.387 [I] mod_organizer_instance_1 opened in process 9912
13:15:55.387 [I] attached to mod_organizer_instance_1 with 35 nodes, size 4,194,304 B
13:15:55.387 [I] inv_mod_organizer_instance_1 opened in process 9912
13:15:55.387 [I] attached to inv_mod_organizer_instance_1 with 23 nodes, size 131,072 B
13:15:55.387 [I] Process registered in shared process list : 9912
13:15:55.387 [I] Windows version 10.0.19045 sp 0 platform 2 (19041.1.amd64fre.vb_release.191206-1406)
13:15:55.387 [I] hooked GetFileAttributesExW (0x7ffe15901dc0) in C:\WINDOWS\System32\KERNELBASE.dll type overwrite
13:15:55.387 [I] hooked GetFileAttributesW (0x7ffe15900770) in C:\WINDOWS\System32\KERNELBASE.dll type overwrite
13:15:55.387 [I] hooked SetFileAttributesW (0x7ffe1594f0b0) in C:\WINDOWS\System32\KERNELBASE.dll type overwrite
13:15:55.387 [I] hooked CreateDirectoryW (0x7ffe15909cf0) in C:\WINDOWS\System32\KERNELBASE.dll type overwrite
13:15:55.387 [I] hooked RemoveDirectoryW (0x7ffe1594ed70) in C:\WINDOWS\System32\KERNELBASE.dll type overwrite
13:15:55.387 [I] hooked DeleteFileW (0x7ffe158ff280) in C:\WINDOWS\System32\KERNELBASE.dll type overwrite
13:15:55.387 [I] hooked GetCurrentDirectoryA (0x7ffe15954c60) in C:\WINDOWS\System32\KERNELBASE.dll type overwrite
13:15:55.387 [I] hooked GetCurrentDirectoryW (0x7ffe15950620) in C:\WINDOWS\System32\KERNELBASE.dll type overwrite
13:15:55.387 [I] hooked SetCurrentDirectoryA (0x7ffe159fc430) in C:\WINDOWS\System32\KERNELBASE.dll type overwrite
13:15:55.387 [I] hooked SetCurrentDirectoryW (0x7ffe159501d0) in C:\WINDOWS\System32\KERNELBASE.dll type overwrite
13:15:55.387 [I] hooked ExitProcess (0x7ffe1824d9e0) in C:\WINDOWS\System32\KERNELBASE.dll type overwrite
13:15:55.387 [I] hooked CreateProcessInternalW (0x7ffe1592a310) in C:\WINDOWS\System32\KERNELBASE.dll type overwrite
13:15:55.388 [I] hooked MoveFileA (0x7ffe171c2a50) in C:\WINDOWS\System32\KERNEL32.DLL type overwrite
13:15:55.388 [I] hooked MoveFileW (0x7ffe17182ba0) in C:\WINDOWS\System32\KERNEL32.DLL type overwrite
13:15:55.388 [I] hooked MoveFileExA (0x7ffe171c2a80) in C:\WINDOWS\System32\KERNEL32.DLL type overwrite
13:15:55.388 [I] hooked MoveFileExW (0x7ffe15934e20) in C:\WINDOWS\System32\KERNELBASE.dll type overwrite
13:15:55.388 [I] hooked MoveFileWithProgressA (0x7ffe171c2b90) in C:\WINDOWS\System32\KERNEL32.DLL type overwrite
13:15:55.388 [I] hooked MoveFileWithProgressW (0x7ffe15934df0) in C:\WINDOWS\System32\KERNELBASE.dll type overwrite
13:15:55.388 [I] hooked CopyFileExW (0x7ffe15937c00) in C:\WINDOWS\System32\KERNELBASE.dll type overwrite
13:15:55.388 [I] hooked CopyFile2 (0x7ffe15937a60) in C:\WINDOWS\System32\KERNELBASE.dll type overwrite
13:15:55.388 [I] hooked GetPrivateProfileStringA (0x7ffe17175570) in C:\WINDOWS\System32\KERNEL32.DLL type overwrite
13:15:55.388 [I] hooked GetPrivateProfileStringW (0x7ffe17172360) in C:\WINDOWS\System32\KERNEL32.DLL type overwrite
13:15:55.388 [I] hooked GetPrivateProfileSectionA (0x7ffe17183490) in C:\WINDOWS\System32\KERNEL32.DLL type overwrite
13:15:55.388 [I] hooked GetPrivateProfileSectionW (0x7ffe17180fe0) in C:\WINDOWS\System32\KERNEL32.DLL type overwrite
13:15:55.388 [I] hooked WritePrivateProfileStringA (0x7ffe171bfb80) in C:\WINDOWS\System32\KERNEL32.DLL type overwrite
13:15:55.388 [I] hooked WritePrivateProfileStringW (0x7ffe17177e00) in C:\WINDOWS\System32\KERNEL32.DLL type overwrite
13:15:55.388 [I] hooked GetFullPathNameA (0x7ffe159440d0) in C:\WINDOWS\System32\KERNELBASE.dll type overwrite
13:15:55.388 [I] hooked GetFullPathNameW (0x7ffe1590a1e0) in C:\WINDOWS\System32\KERNELBASE.dll type overwrite
13:15:55.388 [I] hooked FindFirstFileExW (0x7ffe158ffae0) in C:\WINDOWS\System32\KERNELBASE.dll type overwrite
13:15:55.388 [I] hooked NtQueryFullAttributesFile (0x7ffe1828f8a0) in C:\WINDOWS\SYSTEM32\ntdll.dll type overwrite
13:15:55.388 [I] hooked NtQueryAttributesFile (0x7ffe1828d770) in C:\WINDOWS\SYSTEM32\ntdll.dll type overwrite
13:15:55.388 [I] hooked NtQueryDirectoryFile (0x7ffe1828d670) in C:\WINDOWS\SYSTEM32\ntdll.dll type overwrite
13:15:55.388 [I] hooked NtQueryDirectoryFileEx (0x7ffe1828f820) in C:\WINDOWS\SYSTEM32\ntdll.dll type overwrite
13:15:55.388 [I] hooked NtOpenFile (0x7ffe1828d630) in C:\WINDOWS\SYSTEM32\ntdll.dll type overwrite
13:15:55.388 [I] hooked NtCreateFile (0x7ffe1828da70) in C:\WINDOWS\SYSTEM32\ntdll.dll type overwrite
13:15:55.388 [I] hooked NtClose (0x7ffe1828d1b0) in C:\WINDOWS\SYSTEM32\ntdll.dll type overwrite
13:15:55.388 [I] hooked NtTerminateProcess (0x7ffe1828d550) in C:\WINDOWS\SYSTEM32\ntdll.dll type overwrite
13:15:55.388 [I] hooked LoadLibraryExW (0x7ffe15905550) in C:\WINDOWS\System32\KERNELBASE.dll type overwrite
13:15:55.388 [I] hooked GetModuleFileNameW (0x7ffe15930cd0) in C:\WINDOWS\System32\KERNELBASE.dll type overwrite
13:15:55.388 [I] inithooks in process 9912 successful
13:16:54.699 [I] releasing hook context
13:16:54.699 [I] 2 users left
13:18:41.117 [D] clearing forced libraries
13:18:41.129 [I] injecting to process 9924 with same bitness
13:18:41.129 [I] dll path: D:\Moding\MO2\usvfs_x64.dll
13:18:41.130 [I] injection to same bitness process 9924 successful
13:18:41.577 [I] usvfs dll 0.5.5.1 initialized in process 9924
13:18:41.577 [I] inithooks called mod_organizer_instance in process D:\SteamLibrary\steamapps\common\Stardew Valley\Stardew Valley.exe:9924 (log level 1, dump type 1, dump path C:/Users/USERNAME/AppData/Local/ModOrganizer/Stardew Valley/crashDumps)
13:18:41.577 [I] access existing config in 9924
13:18:41.578 [I] 0 processes
13:18:41.578 [I] mod_organizer_instance_1 opened in process 9924
13:18:41.578 [I] attached to mod_organizer_instance_1 with 35 nodes, size 4,194,304 B
13:18:41.578 [I] inv_mod_organizer_instance_1 opened in process 9924
13:18:41.578 [I] attached to inv_mod_organizer_instance_1 with 23 nodes, size 131,072 B
13:18:41.578 [I] Process registered in shared process list : 9924
13:18:41.578 [I] Windows version 10.0.19045 sp 0 platform 2 (19041.1.amd64fre.vb_release.191206-1406)
13:18:41.578 [I] hooked GetFileAttributesExW (0x7ffe15901dc0) in C:\WINDOWS\System32\KERNELBASE.dll type overwrite
13:18:41.578 [I] hooked GetFileAttributesW (0x7ffe15900770) in C:\WINDOWS\System32\KERNELBASE.dll type overwrite
13:18:41.578 [I] hooked SetFileAttributesW (0x7ffe1594f0b0) in C:\WINDOWS\System32\KERNELBASE.dll type overwrite
13:18:41.578 [I] hooked CreateDirectoryW (0x7ffe15909cf0) in C:\WINDOWS\System32\KERNELBASE.dll type overwrite
13:18:41.578 [I] hooked RemoveDirectoryW (0x7ffe1594ed70) in C:\WINDOWS\System32\KERNELBASE.dll type overwrite
13:18:41.578 [I] hooked DeleteFileW (0x7ffe158ff280) in C:\WINDOWS\System32\KERNELBASE.dll type overwrite
13:18:41.578 [I] hooked GetCurrentDirectoryA (0x7ffe15954c60) in C:\WINDOWS\System32\KERNELBASE.dll type overwrite
13:18:41.578 [I] hooked GetCurrentDirectoryW (0x7ffe15950620) in C:\WINDOWS\System32\KERNELBASE.dll type overwrite
13:18:41.578 [I] hooked SetCurrentDirectoryA (0x7ffe159fc430) in C:\WINDOWS\System32\KERNELBASE.dll type overwrite
13:18:41.578 [I] hooked SetCurrentDirectoryW (0x7ffe159501d0) in C:\WINDOWS\System32\KERNELBASE.dll type overwrite
13:18:41.578 [I] hooked ExitProcess (0x7ffe1824d9e0) in C:\WINDOWS\System32\KERNELBASE.dll type overwrite
13:18:41.578 [I] hooked CreateProcessInternalW (0x7ffe1592a310) in C:\WINDOWS\System32\KERNELBASE.dll type overwrite
13:18:41.578 [I] hooked MoveFileA (0x7ffe171c2a50) in C:\WINDOWS\System32\KERNEL32.DLL type overwrite
13:18:41.578 [I] hooked MoveFileW (0x7ffe17182ba0) in C:\WINDOWS\System32\KERNEL32.DLL type overwrite
13:18:41.578 [I] hooked MoveFileExA (0x7ffe171c2a80) in C:\WINDOWS\System32\KERNEL32.DLL type overwrite
13:18:41.578 [I] hooked MoveFileExW (0x7ffe15934e20) in C:\WINDOWS\System32\KERNELBASE.dll type overwrite
13:18:41.578 [I] hooked MoveFileWithProgressA (0x7ffe171c2b90) in C:\WINDOWS\System32\KERNEL32.DLL type overwrite
13:18:41.578 [I] hooked MoveFileWithProgressW (0x7ffe15934df0) in C:\WINDOWS\System32\KERNELBASE.dll type overwrite
13:18:41.579 [I] hooked CopyFileExW (0x7ffe15937c00) in C:\WINDOWS\System32\KERNELBASE.dll type overwrite
13:18:41.579 [I] hooked CopyFile2 (0x7ffe15937a60) in C:\WINDOWS\System32\KERNELBASE.dll type overwrite
13:18:41.579 [I] hooked GetPrivateProfileStringA (0x7ffe17175570) in C:\WINDOWS\System32\KERNEL32.DLL type overwrite
13:18:41.579 [I] hooked GetPrivateProfileStringW (0x7ffe17172360) in C:\WINDOWS\System32\KERNEL32.DLL type overwrite
13:18:41.579 [I] hooked GetPrivateProfileSectionA (0x7ffe17183490) in C:\WINDOWS\System32\KERNEL32.DLL type overwrite
13:18:41.579 [I] hooked GetPrivateProfileSectionW (0x7ffe17180fe0) in C:\WINDOWS\System32\KERNEL32.DLL type overwrite
13:18:41.579 [I] hooked WritePrivateProfileStringA (0x7ffe171bfb80) in C:\WINDOWS\System32\KERNEL32.DLL type overwrite
13:18:41.579 [I] hooked WritePrivateProfileStringW (0x7ffe17177e00) in C:\WINDOWS\System32\KERNEL32.DLL type overwrite
13:18:41.579 [I] hooked GetFullPathNameA (0x7ffe159440d0) in C:\WINDOWS\System32\KERNELBASE.dll type overwrite
13:18:41.579 [I] hooked GetFullPathNameW (0x7ffe1590a1e0) in C:\WINDOWS\System32\KERNELBASE.dll type overwrite
13:18:41.579 [I] hooked FindFirstFileExW (0x7ffe158ffae0) in C:\WINDOWS\System32\KERNELBASE.dll type overwrite
13:18:41.579 [I] hooked NtQueryFullAttributesFile (0x7ffe1828f8a0) in C:\WINDOWS\SYSTEM32\ntdll.dll type overwrite
13:18:41.579 [I] hooked NtQueryAttributesFile (0x7ffe1828d770) in C:\WINDOWS\SYSTEM32\ntdll.dll type overwrite
13:18:41.579 [I] hooked NtQueryDirectoryFile (0x7ffe1828d670) in C:\WINDOWS\SYSTEM32\ntdll.dll type overwrite
13:18:41.579 [I] hooked NtQueryDirectoryFileEx (0x7ffe1828f820) in C:\WINDOWS\SYSTEM32\ntdll.dll type overwrite
13:18:41.579 [I] hooked NtOpenFile (0x7ffe1828d630) in C:\WINDOWS\SYSTEM32\ntdll.dll type overwrite
13:18:41.579 [I] hooked NtCreateFile (0x7ffe1828da70) in C:\WINDOWS\SYSTEM32\ntdll.dll type overwrite
13:18:41.579 [I] hooked NtClose (0x7ffe1828d1b0) in C:\WINDOWS\SYSTEM32\ntdll.dll type overwrite
13:18:41.579 [I] hooked NtTerminateProcess (0x7ffe1828d550) in C:\WINDOWS\SYSTEM32\ntdll.dll type overwrite
13:18:41.579 [I] hooked LoadLibraryExW (0x7ffe15905550) in C:\WINDOWS\System32\KERNELBASE.dll type overwrite
13:18:41.579 [I] hooked GetModuleFileNameW (0x7ffe15930cd0) in C:\WINDOWS\System32\KERNELBASE.dll type overwrite
13:18:41.579 [I] inithooks in process 9924 successful
13:19:06.267 [I] releasing hook context
13:19:06.267 [I] 2 users left
13:20:40.622 [D] clearing forced libraries
13:20:40.634 [I] injecting to process 11204 with same bitness
13:20:40.634 [I] dll path: D:\Moding\MO2\usvfs_x64.dll
13:20:40.634 [I] injection to same bitness process 11204 successful
13:20:40.672 [I] usvfs dll 0.5.5.1 initialized in process 11204
13:20:40.673 [I] inithooks called mod_organizer_instance in process D:\SteamLibrary\steamapps\common\Stardew Valley\Stardew Valley.exe:11204 (log level 1, dump type 1, dump path C:/Users/USERNAME/AppData/Local/ModOrganizer/Stardew Valley/crashDumps)
13:20:40.673 [I] access existing config in 11204
13:20:40.673 [I] 0 processes
13:20:40.673 [I] mod_organizer_instance_1 opened in process 11204
13:20:40.673 [I] attached to mod_organizer_instance_1 with 35 nodes, size 4,194,304 B
13:20:40.673 [I] inv_mod_organizer_instance_1 opened in process 11204
13:20:40.673 [I] attached to inv_mod_organizer_instance_1 with 23 nodes, size 131,072 B
13:20:40.674 [I] Process registered in shared process list : 11204
13:20:40.674 [I] Windows version 10.0.19045 sp 0 platform 2 (19041.1.amd64fre.vb_release.191206-1406)
13:20:40.674 [I] hooked GetFileAttributesExW (0x7ffe15901dc0) in C:\WINDOWS\System32\KERNELBASE.dll type overwrite
13:20:40.674 [I] hooked GetFileAttributesW (0x7ffe15900770) in C:\WINDOWS\System32\KERNELBASE.dll type overwrite
13:20:40.674 [I] hooked SetFileAttributesW (0x7ffe1594f0b0) in C:\WINDOWS\System32\KERNELBASE.dll type overwrite
13:20:40.674 [I] hooked CreateDirectoryW (0x7ffe15909cf0) in C:\WINDOWS\System32\KERNELBASE.dll type overwrite
13:20:40.674 [I] hooked RemoveDirectoryW (0x7ffe1594ed70) in C:\WINDOWS\System32\KERNELBASE.dll type overwrite
13:20:40.674 [I] hooked DeleteFileW (0x7ffe158ff280) in C:\WINDOWS\System32\KERNELBASE.dll type overwrite
13:20:40.674 [I] hooked GetCurrentDirectoryA (0x7ffe15954c60) in C:\WINDOWS\System32\KERNELBASE.dll type overwrite
13:20:40.674 [I] hooked GetCurrentDirectoryW (0x7ffe15950620) in C:\WINDOWS\System32\KERNELBASE.dll type overwrite
13:20:40.674 [I] hooked SetCurrentDirectoryA (0x7ffe159fc430) in C:\WINDOWS\System32\KERNELBASE.dll type overwrite
13:20:40.674 [I] hooked SetCurrentDirectoryW (0x7ffe159501d0) in C:\WINDOWS\System32\KERNELBASE.dll type overwrite
13:20:40.674 [I] hooked ExitProcess (0x7ffe1824d9e0) in C:\WINDOWS\System32\KERNELBASE.dll type overwrite
13:20:40.674 [I] hooked CreateProcessInternalW (0x7ffe1592a310) in C:\WINDOWS\System32\KERNELBASE.dll type overwrite
13:20:40.674 [I] hooked MoveFileA (0x7ffe171c2a50) in C:\WINDOWS\System32\KERNEL32.DLL type overwrite
13:20:40.674 [I] hooked MoveFileW (0x7ffe17182ba0) in C:\WINDOWS\System32\KERNEL32.DLL type overwrite
13:20:40.674 [I] hooked MoveFileExA (0x7ffe171c2a80) in C:\WINDOWS\System32\KERNEL32.DLL type overwrite
13:20:40.674 [I] hooked MoveFileExW (0x7ffe15934e20) in C:\WINDOWS\System32\KERNELBASE.dll type overwrite
13:20:40.674 [I] hooked MoveFileWithProgressA (0x7ffe171c2b90) in C:\WINDOWS\System32\KERNEL32.DLL type overwrite
13:20:40.674 [I] hooked MoveFileWithProgressW (0x7ffe15934df0) in C:\WINDOWS\System32\KERNELBASE.dll type overwrite
13:20:40.674 [I] hooked CopyFileExW (0x7ffe15937c00) in C:\WINDOWS\System32\KERNELBASE.dll type overwrite
13:20:40.674 [I] hooked CopyFile2 (0x7ffe15937a60) in C:\WINDOWS\System32\KERNELBASE.dll type overwrite
13:20:40.674 [I] hooked GetPrivateProfileStringA (0x7ffe17175570) in C:\WINDOWS\System32\KERNEL32.DLL type overwrite
13:20:40.674 [I] hooked GetPrivateProfileStringW (0x7ffe17172360) in C:\WINDOWS\System32\KERNEL32.DLL type overwrite
13:20:40.674 [I] hooked GetPrivateProfileSectionA (0x7ffe17183490) in C:\WINDOWS\System32\KERNEL32.DLL type overwrite
13:20:40.675 [I] hooked GetPrivateProfileSectionW (0x7ffe17180fe0) in C:\WINDOWS\System32\KERNEL32.DLL type overwrite
13:20:40.675 [I] hooked WritePrivateProfileStringA (0x7ffe171bfb80) in C:\WINDOWS\System32\KERNEL32.DLL type overwrite
13:20:40.675 [I] hooked WritePrivateProfileStringW (0x7ffe17177e00) in C:\WINDOWS\System32\KERNEL32.DLL type overwrite
13:20:40.675 [I] hooked GetFullPathNameA (0x7ffe159440d0) in C:\WINDOWS\System32\KERNELBASE.dll type overwrite
13:20:40.675 [I] hooked GetFullPathNameW (0x7ffe1590a1e0) in C:\WINDOWS\System32\KERNELBASE.dll type overwrite
13:20:40.675 [I] hooked FindFirstFileExW (0x7ffe158ffae0) in C:\WINDOWS\System32\KERNELBASE.dll type overwrite
13:20:40.675 [I] hooked NtQueryFullAttributesFile (0x7ffe1828f8a0) in C:\WINDOWS\SYSTEM32\ntdll.dll type overwrite
13:20:40.675 [I] hooked NtQueryAttributesFile (0x7ffe1828d770) in C:\WINDOWS\SYSTEM32\ntdll.dll type overwrite
13:20:40.675 [I] hooked NtQueryDirectoryFile (0x7ffe1828d670) in C:\WINDOWS\SYSTEM32\ntdll.dll type overwrite
13:20:40.675 [I] hooked NtQueryDirectoryFileEx (0x7ffe1828f820) in C:\WINDOWS\SYSTEM32\ntdll.dll type overwrite
13:20:40.675 [I] hooked NtOpenFile (0x7ffe1828d630) in C:\WINDOWS\SYSTEM32\ntdll.dll type overwrite
13:20:40.675 [I] hooked NtCreateFile (0x7ffe1828da70) in C:\WINDOWS\SYSTEM32\ntdll.dll type overwrite
13:20:40.675 [I] hooked NtClose (0x7ffe1828d1b0) in C:\WINDOWS\SYSTEM32\ntdll.dll type overwrite
13:20:40.675 [I] hooked NtTerminateProcess (0x7ffe1828d550) in C:\WINDOWS\SYSTEM32\ntdll.dll type overwrite
13:20:40.675 [I] hooked LoadLibraryExW (0x7ffe15905550) in C:\WINDOWS\System32\KERNELBASE.dll type overwrite
13:20:40.675 [I] hooked GetModuleFileNameW (0x7ffe15930cd0) in C:\WINDOWS\System32\KERNELBASE.dll type overwrite
13:20:40.675 [I] inithooks in process 11204 successful
13:20:59.622 [I] releasing hook context
13:20:59.622 [I] 2 users left
13:21:16.675 [D] clearing forced libraries
13:21:16.688 [I] injecting to process 9964 with same bitness
13:21:16.688 [I] dll path: D:\Moding\MO2\usvfs_x64.dll
13:21:16.688 [I] injection to same bitness process 9964 successful
13:21:16.919 [I] usvfs dll 0.5.5.1 initialized in process 9964
13:21:16.920 [I] inithooks called mod_organizer_instance in process D:\SteamLibrary\steamapps\common\Stardew Valley\StardewModdingAPI.exe:9964 (log level 1, dump type 1, dump path C:/Users/USERNAME/AppData/Local/ModOrganizer/Stardew Valley/crashDumps)
13:21:16.920 [I] access existing config in 9964
13:21:16.920 [I] 0 processes
13:21:16.920 [I] mod_organizer_instance_1 opened in process 9964
13:21:16.920 [I] attached to mod_organizer_instance_1 with 35 nodes, size 4,194,304 B
13:21:16.921 [I] inv_mod_organizer_instance_1 opened in process 9964
13:21:16.921 [I] attached to inv_mod_organizer_instance_1 with 23 nodes, size 131,072 B
13:21:16.921 [I] Process registered in shared process list : 9964
13:21:16.921 [I] Windows version 10.0.19045 sp 0 platform 2 (19041.1.amd64fre.vb_release.191206-1406)
13:21:16.921 [I] hooked GetFileAttributesExW (0x7ffe15901dc0) in C:\WINDOWS\System32\KERNELBASE.dll type overwrite
13:21:16.921 [I] hooked GetFileAttributesW (0x7ffe15900770) in C:\WINDOWS\System32\KERNELBASE.dll type overwrite
13:21:16.921 [I] hooked SetFileAttributesW (0x7ffe1594f0b0) in C:\WINDOWS\System32\KERNELBASE.dll type overwrite
13:21:16.921 [I] hooked CreateDirectoryW (0x7ffe15909cf0) in C:\WINDOWS\System32\KERNELBASE.dll type overwrite
13:21:16.921 [I] hooked RemoveDirectoryW (0x7ffe1594ed70) in C:\WINDOWS\System32\KERNELBASE.dll type overwrite
13:21:16.921 [I] hooked DeleteFileW (0x7ffe158ff280) in C:\WINDOWS\System32\KERNELBASE.dll type overwrite
13:21:16.921 [I] hooked GetCurrentDirectoryA (0x7ffe15954c60) in C:\WINDOWS\System32\KERNELBASE.dll type overwrite
13:21:16.921 [I] hooked GetCurrentDirectoryW (0x7ffe15950620) in C:\WINDOWS\System32\KERNELBASE.dll type overwrite
13:21:16.921 [I] hooked SetCurrentDirectoryA (0x7ffe159fc430) in C:\WINDOWS\System32\KERNELBASE.dll type overwrite
13:21:16.921 [I] hooked SetCurrentDirectoryW (0x7ffe159501d0) in C:\WINDOWS\System32\KERNELBASE.dll type overwrite
13:21:16.921 [I] hooked ExitProcess (0x7ffe1824d9e0) in C:\WINDOWS\System32\KERNELBASE.dll type overwrite
13:21:16.922 [I] hooked CreateProcessInternalW (0x7ffe1592a310) in C:\WINDOWS\System32\KERNELBASE.dll type overwrite
13:21:16.922 [I] hooked MoveFileA (0x7ffe171c2a50) in C:\WINDOWS\System32\KERNEL32.DLL type overwrite
13:21:16.922 [I] hooked MoveFileW (0x7ffe17182ba0) in C:\WINDOWS\System32\KERNEL32.DLL type overwrite
13:21:16.922 [I] hooked MoveFileExA (0x7ffe171c2a80) in C:\WINDOWS\System32\KERNEL32.DLL type overwrite
13:21:16.922 [I] hooked MoveFileExW (0x7ffe15934e20) in C:\WINDOWS\System32\KERNELBASE.dll type overwrite
13:21:16.922 [I] hooked MoveFileWithProgressA (0x7ffe171c2b90) in C:\WINDOWS\System32\KERNEL32.DLL type overwrite
13:21:16.922 [I] hooked MoveFileWithProgressW (0x7ffe15934df0) in C:\WINDOWS\System32\KERNELBASE.dll type overwrite
13:21:16.922 [I] hooked CopyFileExW (0x7ffe15937c00) in C:\WINDOWS\System32\KERNELBASE.dll type overwrite
13:21:16.922 [I] hooked CopyFile2 (0x7ffe15937a60) in C:\WINDOWS\System32\KERNELBASE.dll type overwrite
13:21:16.922 [I] hooked GetPrivateProfileStringA (0x7ffe17175570) in C:\WINDOWS\System32\KERNEL32.DLL type overwrite
13:21:16.922 [I] hooked GetPrivateProfileStringW (0x7ffe17172360) in C:\WINDOWS\System32\KERNEL32.DLL type overwrite
13:21:16.922 [I] hooked GetPrivateProfileSectionA (0x7ffe17183490) in C:\WINDOWS\System32\KERNEL32.DLL type overwrite
13:21:16.922 [I] hooked GetPrivateProfileSectionW (0x7ffe17180fe0) in C:\WINDOWS\System32\KERNEL32.DLL type overwrite
13:21:16.922 [I] hooked WritePrivateProfileStringA (0x7ffe171bfb80) in C:\WINDOWS\System32\KERNEL32.DLL type overwrite
13:21:16.922 [I] hooked WritePrivateProfileStringW (0x7ffe17177e00) in C:\WINDOWS\System32\KERNEL32.DLL type overwrite
13:21:16.922 [I] hooked GetFullPathNameA (0x7ffe159440d0) in C:\WINDOWS\System32\KERNELBASE.dll type overwrite
13:21:16.922 [I] hooked GetFullPathNameW (0x7ffe1590a1e0) in C:\WINDOWS\System32\KERNELBASE.dll type overwrite
13:21:16.922 [I] hooked FindFirstFileExW (0x7ffe158ffae0) in C:\WINDOWS\System32\KERNELBASE.dll type overwrite
13:21:16.923 [I] hooked NtQueryFullAttributesFile (0x7ffe1828f8a0) in C:\WINDOWS\SYSTEM32\ntdll.dll type overwrite
13:21:16.923 [I] hooked NtQueryAttributesFile (0x7ffe1828d770) in C:\WINDOWS\SYSTEM32\ntdll.dll type overwrite
13:21:16.923 [I] hooked NtQueryDirectoryFile (0x7ffe1828d670) in C:\WINDOWS\SYSTEM32\ntdll.dll type overwrite
13:21:16.923 [I] hooked NtQueryDirectoryFileEx (0x7ffe1828f820) in C:\WINDOWS\SYSTEM32\ntdll.dll type overwrite
13:21:16.923 [I] hooked NtOpenFile (0x7ffe1828d630) in C:\WINDOWS\SYSTEM32\ntdll.dll type overwrite
13:21:16.923 [I] hooked NtCreateFile (0x7ffe1828da70) in C:\WINDOWS\SYSTEM32\ntdll.dll type overwrite
13:21:16.923 [I] hooked NtClose (0x7ffe1828d1b0) in C:\WINDOWS\SYSTEM32\ntdll.dll type overwrite
13:21:16.923 [I] hooked NtTerminateProcess (0x7ffe1828d550) in C:\WINDOWS\SYSTEM32\ntdll.dll type overwrite
13:21:16.923 [I] hooked LoadLibraryExW (0x7ffe15905550) in C:\WINDOWS\System32\KERNELBASE.dll type overwrite
13:21:16.923 [I] hooked GetModuleFileNameW (0x7ffe15930cd0) in C:\WINDOWS\System32\KERNELBASE.dll type overwrite
13:21:16.923 [I] inithooks in process 9964 successful
13:33:29.996 [I] releasing hook context
13:33:29.996 [I] 2 users left
13:33:40.786 [D] clearing forced libraries
13:33:40.910 [I] injecting to process 13660 with same bitness
13:33:40.910 [I] dll path: D:\Moding\MO2\usvfs_x64.dll
13:33:40.910 [I] injection to same bitness process 13660 successful
13:33:40.955 [I] usvfs dll 0.5.5.1 initialized in process 13660
13:33:40.956 [I] inithooks called mod_organizer_instance in process D:\Moding\MO2\explorer++\Explorer++.exe:13660 (log level 1, dump type 1, dump path C:/Users/USERNAME/AppData/Local/ModOrganizer/Stardew Valley/crashDumps)
13:33:40.956 [I] access existing config in 13660
13:33:40.956 [I] 0 processes
13:33:40.957 [I] mod_organizer_instance_1 opened in process 13660
13:33:40.957 [I] attached to mod_organizer_instance_1 with 35 nodes, size 4,194,304 B
13:33:40.957 [I] inv_mod_organizer_instance_1 opened in process 13660
13:33:40.957 [I] attached to inv_mod_organizer_instance_1 with 23 nodes, size 131,072 B
13:33:40.957 [I] Process registered in shared process list : 13660
13:33:40.957 [I] Windows version 10.0.19045 sp 0 platform 2 (19041.1.amd64fre.vb_release.191206-1406)
13:33:40.957 [I] hooked GetFileAttributesExW (0x7ffe15901dc0) in C:\WINDOWS\System32\KERNELBASE.dll type overwrite
13:33:40.957 [I] hooked GetFileAttributesW (0x7ffe15900770) in C:\WINDOWS\System32\KERNELBASE.dll type overwrite
13:33:40.957 [I] hooked SetFileAttributesW (0x7ffe1594f0b0) in C:\WINDOWS\System32\KERNELBASE.dll type overwrite
13:33:40.957 [I] hooked CreateDirectoryW (0x7ffe15909cf0) in C:\WINDOWS\System32\KERNELBASE.dll type overwrite
13:33:40.957 [I] hooked RemoveDirectoryW (0x7ffe1594ed70) in C:\WINDOWS\System32\KERNELBASE.dll type overwrite
13:33:40.957 [I] hooked DeleteFileW (0x7ffe158ff280) in C:\WINDOWS\System32\KERNELBASE.dll type overwrite
13:33:40.957 [I] hooked GetCurrentDirectoryA (0x7ffe15954c60) in C:\WINDOWS\System32\KERNELBASE.dll type overwrite
13:33:40.957 [I] hooked GetCurrentDirectoryW (0x7ffe15950620) in C:\WINDOWS\System32\KERNELBASE.dll type overwrite
13:33:40.957 [I] hooked SetCurrentDirectoryA (0x7ffe159fc430) in C:\WINDOWS\System32\KERNELBASE.dll type overwrite
13:33:40.958 [I] hooked SetCurrentDirectoryW (0x7ffe159501d0) in C:\WINDOWS\System32\KERNELBASE.dll type overwrite
13:33:40.958 [I] hooked ExitProcess (0x7ffe1824d9e0) in C:\WINDOWS\System32\KERNELBASE.dll type overwrite
13:33:40.958 [I] hooked CreateProcessInternalW (0x7ffe1592a310) in C:\WINDOWS\System32\KERNELBASE.dll type overwrite
13:33:40.958 [I] hooked MoveFileA (0x7ffe171c2a50) in C:\WINDOWS\System32\KERNEL32.DLL type overwrite
13:33:40.958 [I] hooked MoveFileW (0x7ffe17182ba0) in C:\WINDOWS\System32\KERNEL32.DLL type overwrite
13:33:40.958 [I] hooked MoveFileExA (0x7ffe171c2a80) in C:\WINDOWS\System32\KERNEL32.DLL type overwrite
13:33:40.958 [I] hooked MoveFileExW (0x7ffe15934e20) in C:\WINDOWS\System32\KERNELBASE.dll type overwrite
13:33:40.958 [I] hooked MoveFileWithProgressA (0x7ffe171c2b90) in C:\WINDOWS\System32\KERNEL32.DLL type overwrite
13:33:40.958 [I] hooked MoveFileWithProgressW (0x7ffe15934df0) in C:\WINDOWS\System32\KERNELBASE.dll type overwrite
13:33:40.958 [I] hooked CopyFileExW (0x7ffe15937c00) in C:\WINDOWS\System32\KERNELBASE.dll type overwrite
13:33:40.958 [I] hooked CopyFile2 (0x7ffe15937a60) in C:\WINDOWS\System32\KERNELBASE.dll type overwrite
13:33:40.958 [I] hooked GetPrivateProfileStringA (0x7ffe17175570) in C:\WINDOWS\System32\KERNEL32.DLL type overwrite
13:33:40.958 [I] hooked GetPrivateProfileStringW (0x7ffe17172360) in C:\WINDOWS\System32\KERNEL32.DLL type overwrite
13:33:40.958 [I] hooked GetPrivateProfileSectionA (0x7ffe17183490) in C:\WINDOWS\System32\KERNEL32.DLL type overwrite
13:33:40.958 [I] hooked GetPrivateProfileSectionW (0x7ffe17180fe0) in C:\WINDOWS\System32\KERNEL32.DLL type overwrite
13:33:40.959 [I] hooked WritePrivateProfileStringA (0x7ffe171bfb80) in C:\WINDOWS\System32\KERNEL32.DLL type overwrite
13:33:40.959 [I] hooked WritePrivateProfileStringW (0x7ffe17177e00) in C:\WINDOWS\System32\KERNEL32.DLL type overwrite
13:33:40.959 [I] hooked GetFullPathNameA (0x7ffe159440d0) in C:\WINDOWS\System32\KERNELBASE.dll type overwrite
13:33:40.959 [I] hooked GetFullPathNameW (0x7ffe1590a1e0) in C:\WINDOWS\System32\KERNELBASE.dll type overwrite
13:33:40.959 [I] hooked FindFirstFileExW (0x7ffe158ffae0) in C:\WINDOWS\System32\KERNELBASE.dll type overwrite
13:33:40.959 [I] hooked NtQueryFullAttributesFile (0x7ffe1828f8a0) in C:\WINDOWS\SYSTEM32\ntdll.dll type overwrite
13:33:40.959 [I] hooked NtQueryAttributesFile (0x7ffe1828d770) in C:\WINDOWS\SYSTEM32\ntdll.dll type overwrite
13:33:40.959 [I] hooked NtQueryDirectoryFile (0x7ffe1828d670) in C:\WINDOWS\SYSTEM32\ntdll.dll type overwrite
13:33:40.959 [I] hooked NtQueryDirectoryFileEx (0x7ffe1828f820) in C:\WINDOWS\SYSTEM32\ntdll.dll type overwrite
13:33:40.959 [I] hooked NtOpenFile (0x7ffe1828d630) in C:\WINDOWS\SYSTEM32\ntdll.dll type overwrite
13:33:40.959 [I] hooked NtCreateFile (0x7ffe1828da70) in C:\WINDOWS\SYSTEM32\ntdll.dll type overwrite
13:33:40.959 [I] hooked NtClose (0x7ffe1828d1b0) in C:\WINDOWS\SYSTEM32\ntdll.dll type overwrite
13:33:40.959 [I] hooked NtTerminateProcess (0x7ffe1828d550) in C:\WINDOWS\SYSTEM32\ntdll.dll type overwrite
13:33:40.959 [I] hooked LoadLibraryExW (0x7ffe15905550) in C:\WINDOWS\System32\KERNELBASE.dll type overwrite
13:33:40.959 [I] hooked GetModuleFileNameW (0x7ffe15930cd0) in C:\WINDOWS\System32\KERNELBASE.dll type overwrite
13:33:40.959 [I] inithooks in process 13660 successful
13:33:41.794 [E] thread 14544 never released the mutex
13:33:41.794 [E] thread 14544 never released the mutex
13:34:13.184 [I] releasing hook context
13:34:13.184 [I] 2 users left
15:11:27.719 [D] clearing forced libraries
15:11:27.730 [I] injecting to process 2676 with same bitness
15:11:27.730 [I] dll path: D:\Moding\MO2\usvfs_x64.dll
15:11:27.731 [I] injection to same bitness process 2676 successful
15:11:27.765 [I] usvfs dll 0.5.5.1 initialized in process 2676
15:11:27.766 [I] inithooks called mod_organizer_instance in process D:\Moding\MO2\explorer++\Explorer++.exe:2676 (log level 1, dump type 1, dump path C:/Users/USERNAME/AppData/Local/ModOrganizer/Stardew Valley/crashDumps)
15:11:27.766 [I] access existing config in 2676
15:11:27.766 [I] 0 processes
15:11:27.766 [I] mod_organizer_instance_1 opened in process 2676
15:11:27.766 [I] attached to mod_organizer_instance_1 with 855 nodes, size 4,194,304 B
15:11:27.766 [I] inv_mod_organizer_instance_1 opened in process 2676
15:11:27.766 [I] attached to inv_mod_organizer_instance_1 with 209 nodes, size 131,072 B
15:11:27.766 [I] Process registered in shared process list : 2676
15:11:27.766 [I] Windows version 10.0.19045 sp 0 platform 2 (19041.1.amd64fre.vb_release.191206-1406)
15:11:27.766 [I] hooked GetFileAttributesExW (0x7ffe15901dc0) in C:\WINDOWS\System32\KERNELBASE.dll type overwrite
15:11:27.766 [I] hooked GetFileAttributesW (0x7ffe15900770) in C:\WINDOWS\System32\KERNELBASE.dll type overwrite
15:11:27.766 [I] hooked SetFileAttributesW (0x7ffe1594f0b0) in C:\WINDOWS\System32\KERNELBASE.dll type overwrite
15:11:27.766 [I] hooked CreateDirectoryW (0x7ffe15909cf0) in C:\WINDOWS\System32\KERNELBASE.dll type overwrite
15:11:27.766 [I] hooked RemoveDirectoryW (0x7ffe1594ed70) in C:\WINDOWS\System32\KERNELBASE.dll type overwrite
15:11:27.767 [I] hooked DeleteFileW (0x7ffe158ff280) in C:\WINDOWS\System32\KERNELBASE.dll type overwrite
15:11:27.767 [I] hooked GetCurrentDirectoryA (0x7ffe15954c60) in C:\WINDOWS\System32\KERNELBASE.dll type overwrite
15:11:27.767 [I] hooked GetCurrentDirectoryW (0x7ffe15950620) in C:\WINDOWS\System32\KERNELBASE.dll type overwrite
15:11:27.767 [I] hooked SetCurrentDirectoryA (0x7ffe159fc430) in C:\WINDOWS\System32\KERNELBASE.dll type overwrite
15:11:27.767 [I] hooked SetCurrentDirectoryW (0x7ffe159501d0) in C:\WINDOWS\System32\KERNELBASE.dll type overwrite
15:11:27.767 [I] hooked ExitProcess (0x7ffe1824d9e0) in C:\WINDOWS\System32\KERNELBASE.dll type overwrite
15:11:27.767 [I] hooked CreateProcessInternalW (0x7ffe1592a310) in C:\WINDOWS\System32\KERNELBASE.dll type overwrite
15:11:27.767 [I] hooked MoveFileA (0x7ffe171c2a50) in C:\WINDOWS\System32\KERNEL32.DLL type overwrite
15:11:27.767 [I] hooked MoveFileW (0x7ffe17182ba0) in C:\WINDOWS\System32\KERNEL32.DLL type overwrite
15:11:27.767 [I] hooked MoveFileExA (0x7ffe171c2a80) in C:\WINDOWS\System32\KERNEL32.DLL type overwrite
15:11:27.767 [I] hooked MoveFileExW (0x7ffe15934e20) in C:\WINDOWS\System32\KERNELBASE.dll type overwrite
15:11:27.767 [I] hooked MoveFileWithProgressA (0x7ffe171c2b90) in C:\WINDOWS\System32\KERNEL32.DLL type overwrite
15:11:27.767 [I] hooked MoveFileWithProgressW (0x7ffe15934df0) in C:\WINDOWS\System32\KERNELBASE.dll type overwrite
15:11:27.767 [I] hooked CopyFileExW (0x7ffe15937c00) in C:\WINDOWS\System32\KERNELBASE.dll type overwrite
15:11:27.767 [I] hooked CopyFile2 (0x7ffe15937a60) in C:\WINDOWS\System32\KERNELBASE.dll type overwrite
15:11:27.767 [I] hooked GetPrivateProfileStringA (0x7ffe17175570) in C:\WINDOWS\System32\KERNEL32.DLL type overwrite
15:11:27.767 [I] hooked GetPrivateProfileStringW (0x7ffe17172360) in C:\WINDOWS\System32\KERNEL32.DLL type overwrite
15:11:27.767 [I] hooked GetPrivateProfileSectionA (0x7ffe17183490) in C:\WINDOWS\System32\KERNEL32.DLL type overwrite
15:11:27.767 [I] hooked GetPrivateProfileSectionW (0x7ffe17180fe0) in C:\WINDOWS\System32\KERNEL32.DLL type overwrite
15:11:27.767 [I] hooked WritePrivateProfileStringA (0x7ffe171bfb80) in C:\WINDOWS\System32\KERNEL32.DLL type overwrite
15:11:27.767 [I] hooked WritePrivateProfileStringW (0x7ffe17177e00) in C:\WINDOWS\System32\KERNEL32.DLL type overwrite
15:11:27.767 [I] hooked GetFullPathNameA (0x7ffe159440d0) in C:\WINDOWS\System32\KERNELBASE.dll type overwrite
15:11:27.767 [I] hooked GetFullPathNameW (0x7ffe1590a1e0) in C:\WINDOWS\System32\KERNELBASE.dll type overwrite
15:11:27.767 [I] hooked FindFirstFileExW (0x7ffe158ffae0) in C:\WINDOWS\System32\KERNELBASE.dll type overwrite
15:11:27.767 [I] hooked NtQueryFullAttributesFile (0x7ffe1828f8a0) in C:\WINDOWS\SYSTEM32\ntdll.dll type overwrite
15:11:27.767 [I] hooked NtQueryAttributesFile (0x7ffe1828d770) in C:\WINDOWS\SYSTEM32\ntdll.dll type overwrite
15:11:27.767 [I] hooked NtQueryDirectoryFile (0x7ffe1828d670) in C:\WINDOWS\SYSTEM32\ntdll.dll type overwrite
15:11:27.767 [I] hooked NtQueryDirectoryFileEx (0x7ffe1828f820) in C:\WINDOWS\SYSTEM32\ntdll.dll type overwrite
15:11:27.767 [I] hooked NtOpenFile (0x7ffe1828d630) in C:\WINDOWS\SYSTEM32\ntdll.dll type overwrite
15:11:27.767 [I] hooked NtCreateFile (0x7ffe1828da70) in C:\WINDOWS\SYSTEM32\ntdll.dll type overwrite
15:11:27.767 [I] hooked NtClose (0x7ffe1828d1b0) in C:\WINDOWS\SYSTEM32\ntdll.dll type overwrite
15:11:27.767 [I] hooked NtTerminateProcess (0x7ffe1828d550) in C:\WINDOWS\SYSTEM32\ntdll.dll type overwrite
15:11:27.767 [I] hooked LoadLibraryExW (0x7ffe15905550) in C:\WINDOWS\System32\KERNELBASE.dll type overwrite
15:11:27.767 [I] hooked GetModuleFileNameW (0x7ffe15930cd0) in C:\WINDOWS\System32\KERNELBASE.dll type overwrite
15:11:27.768 [I] inithooks in process 2676 successful
15:11:28.599 [E] thread 6792 never released the mutex
15:11:28.599 [E] thread 6792 never released the mutex
15:13:56.658 [I] releasing hook context
15:13:56.658 [I] 2 users left
